<?xml version="1.0" encoding="UTF-8"?>
<coverage generated="1733538717722" clover="3.2.0">
  <project timestamp="1733538717722" name="All files">
    <metrics statements="7" coveredstatements="7" conditionals="2" coveredconditionals="2" methods="4" coveredmethods="4" elements="13" coveredelements="13" complexity="0" loc="7" ncloc="7" packages="1" files="1" classes="1"/>
    <file name="Form.jsx" path="C:\Users\Ryan\Desktop\FoodLife\packages\react-frontend\src\Form.jsx">
      <metrics statements="7" coveredstatements="7" conditionals="2" coveredconditionals="2" methods="4" coveredmethods="4"/>
      <line num="4" count="16" type="stmt"/>
      <line num="12" count="9" type="stmt"/>
      <line num="13" count="9" type="stmt"/>
      <line num="20" count="2" type="stmt"/>
      <line num="26" count="2" type="stmt"/>
      <line num="27" count="2" type="stmt"/>
      <line num="35" count="16" type="stmt"/>
    </file>
  </project>
</coverage>
