<?xml version="1.0" encoding="UTF-8"?>
<coverage generated="1733536471722" clover="3.2.0">
  <project timestamp="1733536471722" name="All files">
    <metrics statements="7" coveredstatements="2" conditionals="2" coveredconditionals="0" methods="4" coveredmethods="1" elements="13" coveredelements="3" complexity="0" loc="7" ncloc="7" packages="1" files="1" classes="1"/>
    <file name="Form.jsx" path="C:\Users\dasmi\School\CSC307\FoodLife\packages\react-frontend\src\Form.jsx">
      <metrics statements="7" coveredstatements="2" conditionals="2" coveredconditionals="0" methods="4" coveredmethods="1"/>
      <line num="4" count="17" type="stmt"/>
      <line num="12" count="0" type="stmt"/>
      <line num="13" count="0" type="stmt"/>
      <line num="20" count="0" type="stmt"/>
      <line num="26" count="0" type="stmt"/>
      <line num="27" count="0" type="stmt"/>
      <line num="35" count="16" type="stmt"/>
    </file>
  </project>
</coverage>
