{"C:\\Users\\dasmi\\School\\CSC307\\FoodLife\\packages\\react-frontend\\src\\Form.jsx": {"path":"C:\\Users\\dasmi\\School\\CSC307\\FoodLife\\packages\\react-frontend\\src\\Form.jsx","statementMap":{"0":{"start":{"line":4,"column":26},"end":{"line":9,"column":4}},"1":{"start":{"line":12,"column":28},"end":{"line":12,"column":40}},"2":{"start":{"line":13,"column":4},"end":{"line":16,"column":8}},"3":{"start":{"line":13,"column":23},"end":{"line":16,"column":5}},"4":{"start":{"line":20,"column":26},"end":{"line":25,"column":5}},"5":{"start":{"line":26,"column":4},"end":{"line":26,"column":38}},"6":{"start":{"line":27,"column":4},"end":{"line":32,"column":7}},"7":{"start":{"line":35,"column":2},"end":{"line":85,"column":4}}},"fnMap":{"0":{"name":"Form","decl":{"start":{"line":3,"column":9},"end":{"line":3,"column":13}},"loc":{"start":{"line":3,"column":21},"end":{"line":86,"column":1}},"line":3},"1":{"name":"handleChange","decl":{"start":{"line":11,"column":11},"end":{"line":11,"column":23}},"loc":{"start":{"line":11,"column":31},"end":{"line":17,"column":3}},"line":11},"2":{"name":"(anonymous_2)","decl":{"start":{"line":13,"column":12},"end":{"line":13,"column":13}},"loc":{"start":{"line":13,"column":23},"end":{"line":16,"column":5}},"line":13},"3":{"name":"submitForm","decl":{"start":{"line":19,"column":11},"end":{"line":19,"column":21}},"loc":{"start":{"line":19,"column":24},"end":{"line":33,"column":3}},"line":19}},"branchMap":{"0":{"loc":{"start":{"line":22,"column":24},"end":{"line":22,"column":39}},"type":"binary-expr","locations":[{"start":{"line":22,"column":24},"end":{"line":22,"column":34}},{"start":{"line":22,"column":38},"end":{"line":22,"column":39}}],"line":22}},"s":{"0":17,"1":0,"2":0,"3":0,"4":0,"5":0,"6":0,"7":16},"f":{"0":17,"1":0,"2":0,"3":0},"b":{"0":[0,0]},"_coverageSchema":"1a1c01bbd47fc00a2c39e90264f33305004495a9","hash":"0f168eb8defdaeccb845a160baaeae45d5b14b11"}
}
